2025-12-21 15:34:51,650{GMT}	INFO	[jepsen test runner] jepsen.core: Command line:
lein run test -w echo --bin /root/go/bin/maelstrom-echo --node-count 1 --time-limit 10
2025-12-21 15:34:51,692{GMT}	INFO	[jepsen test runner] jepsen.core: Running test:
{:args []
 :remote
 #jepsen.control.retry.Remote{:remote #jepsen.control.scp.Remote{:cmd-remote #jepsen.control.sshj.SSHJRemote{:concurrency-limit 6,
                                                                                                             :conn-spec nil,
                                                                                                             :client nil,
                                                                                                             :semaphore nil},
                                                                 :conn-spec nil},
                              :conn nil}
 :log-net-send false
 :node-count 1
 :availability nil
 :max-txn-length 4
 :concurrency 1
 :db
 #object[maelstrom.db$db$reify__16142
         "0x4a03c4bc"
         "maelstrom.db$db$reify__16142@4a03c4bc"]
 :max-writes-per-key 16
 :leave-db-running? false
 :name "echo"
 :logging-json? false
 :start-time
 #object[org.joda.time.DateTime "0x453ca7f" "2025-12-21T15:34:51.630-08:00"]
 :nemesis-interval 10
 :net
 #object[maelstrom.net$jepsen_net$reify__15251
         "0x5d41b929"
         "maelstrom.net$jepsen_net$reify__15251@5d41b929"]
 :client
 #object[maelstrom.workload.echo$client$reify__16863
         "0x6dd0e2f4"
         "maelstrom.workload.echo$client$reify__16863@6dd0e2f4"]
 :barrier
 #object[java.util.concurrent.CyclicBarrier
         "0x333813e7"
         "java.util.concurrent.CyclicBarrier@333813e7"]
 :log-stderr false
 :pure-generators true
 :ssh {:dummy? true}
 :rate 5
 :checker
 #object[jepsen.checker$compose$reify__11881
         "0x292237cd"
         "jepsen.checker$compose$reify__11881@292237cd"]
 :argv
 ("test"
  "-w"
  "echo"
  "--bin"
  "/root/go/bin/maelstrom-echo"
  "--node-count"
  "1"
  "--time-limit"
  "10")
 :nemesis
 (jepsen.nemesis.ReflCompose
  {:fm {:start-partition 0,
        :stop-partition 0,
        :kill 1,
        :start 1,
        :pause 1,
        :resume 1},
   :nemeses [#unprintable "jepsen.nemesis.combined$partition_nemesis$reify__16416@797a5b31"
             #unprintable "jepsen.nemesis.combined$db_nemesis$reify__16397@13d7d1a8"]})
 :nodes ["n0"]
 :test-count 1
 :latency {:mean 0, :dist :constant}
 :bin "/root/go/bin/maelstrom-echo"
 :generator
 (jepsen.generator.TimeLimit
  {:limit 10000000000,
   :cutoff nil,
   :gen (jepsen.generator.Any
         {:gens [(jepsen.generator.OnThreads
                  {:f #{:nemesis},
                   :context-filter #object[jepsen.generator.context$make_thread_filter$lazy_filter__9167
                                           "0x72e4905c"
                                           "jepsen.generator.context$make_thread_filter$lazy_filter__9167@72e4905c"],
                   :gen nil})
                 (jepsen.generator.OnThreads
                  {:f #jepsen.generator.context.AllBut{:element :nemesis},
                   :context-filter #object[jepsen.generator.context$make_thread_filter$lazy_filter__9167
                                           "0x279b83ea"
                                           "jepsen.generator.context$make_thread_filter$lazy_filter__9167@279b83ea"],
                   :gen (jepsen.generator.Stagger
                         {:dt 400000000,
                          :next-time nil,
                          :gen (jepsen.generator.EachThread
                                {:fresh-gen #object[maelstrom.workload.echo$workload$fn__16882
                                                    "0x7f9083b4"
                                                    "maelstrom.workload.echo$workload$fn__16882@7f9083b4"],
                                 :context-filters #object[clojure.core$promise$reify__8591
                                                          "0x40f40221"
                                                          {:status :pending,
                                                           :val nil}],
                                 :gens {}})})})]})})
 :log-net-recv false
 :os
 #object[maelstrom.net$jepsen_os$reify__15254
         "0x16441c13"
         "maelstrom.net$jepsen_os$reify__15254@16441c13"]
 :time-limit 10
 :workload :echo
 :consistency-models [:strict-serializable]
 :topology :grid}

2025-12-21 15:34:53,451{GMT}	INFO	[jepsen node n0] maelstrom.net: Starting Maelstrom network
2025-12-21 15:34:53,452{GMT}	INFO	[jepsen test runner] jepsen.db: Tearing down DB
2025-12-21 15:34:53,454{GMT}	INFO	[jepsen test runner] jepsen.db: Setting up DB
2025-12-21 15:34:53,457{GMT}	INFO	[jepsen node n0] maelstrom.service: Starting services: (lin-kv lin-tso lww-kv seq-kv)
2025-12-21 15:34:53,459{GMT}	INFO	[jepsen node n0] maelstrom.db: Setting up n0
2025-12-21 15:34:53,460{GMT}	INFO	[jepsen node n0] maelstrom.process: launching /root/go/bin/maelstrom-echo []
2025-12-21 15:34:53,493{GMT}	INFO	[jepsen test runner] jepsen.core: Relative time begins now
2025-12-21 15:34:53,516{GMT}	INFO	[jepsen worker 0] jepsen.util: 0	:invoke	:echo	"Please echo 120"
2025-12-21 15:34:53,524{GMT}	INFO	[jepsen worker 0] jepsen.util: 0	:ok	:echo	{:echo "Please echo 120", :in_reply_to 1, :msg_id 1, :type "echo_ok"}
2025-12-21 15:34:53,890{GMT}	INFO	[jepsen worker 0] jepsen.util: 0	:invoke	:echo	"Please echo 16"
2025-12-21 15:34:53,892{GMT}	INFO	[jepsen worker 0] jepsen.util: 0	:ok	:echo	{:echo "Please echo 16", :in_reply_to 2, :msg_id 2, :type "echo_ok"}
2025-12-21 15:34:54,113{GMT}	INFO	[jepsen worker 0] jepsen.util: 0	:invoke	:echo	"Please echo 94"
2025-12-21 15:34:54,114{GMT}	INFO	[jepsen worker 0] jepsen.util: 0	:ok	:echo	{:echo "Please echo 94", :in_reply_to 3, :msg_id 3, :type "echo_ok"}
2025-12-21 15:34:54,242{GMT}	INFO	[jepsen worker 0] jepsen.util: 0	:invoke	:echo	"Please echo 7"
2025-12-21 15:34:54,244{GMT}	INFO	[jepsen worker 0] jepsen.util: 0	:ok	:echo	{:echo "Please echo 7", :in_reply_to 4, :msg_id 4, :type "echo_ok"}
2025-12-21 15:34:54,600{GMT}	INFO	[jepsen worker 0] jepsen.util: 0	:invoke	:echo	"Please echo 45"
2025-12-21 15:34:54,602{GMT}	INFO	[jepsen worker 0] jepsen.util: 0	:ok	:echo	{:echo "Please echo 45", :in_reply_to 5, :msg_id 5, :type "echo_ok"}
2025-12-21 15:34:54,839{GMT}	INFO	[jepsen worker 0] jepsen.util: 0	:invoke	:echo	"Please echo 115"
2025-12-21 15:34:54,840{GMT}	INFO	[jepsen worker 0] jepsen.util: 0	:ok	:echo	{:echo "Please echo 115", :in_reply_to 6, :msg_id 6, :type "echo_ok"}
2025-12-21 15:34:54,919{GMT}	INFO	[jepsen worker 0] jepsen.util: 0	:invoke	:echo	"Please echo 5"
2025-12-21 15:34:54,920{GMT}	INFO	[jepsen worker 0] jepsen.util: 0	:ok	:echo	{:echo "Please echo 5", :in_reply_to 7, :msg_id 7, :type "echo_ok"}
2025-12-21 15:34:55,036{GMT}	INFO	[jepsen worker 0] jepsen.util: 0	:invoke	:echo	"Please echo 2"
2025-12-21 15:34:55,038{GMT}	INFO	[jepsen worker 0] jepsen.util: 0	:ok	:echo	{:echo "Please echo 2", :in_reply_to 8, :msg_id 8, :type "echo_ok"}
2025-12-21 15:34:55,244{GMT}	INFO	[jepsen worker 0] jepsen.util: 0	:invoke	:echo	"Please echo 127"
2025-12-21 15:34:55,245{GMT}	INFO	[jepsen worker 0] jepsen.util: 0	:ok	:echo	{:echo "Please echo 127", :in_reply_to 9, :msg_id 9, :type "echo_ok"}
2025-12-21 15:34:55,560{GMT}	INFO	[jepsen worker 0] jepsen.util: 0	:invoke	:echo	"Please echo 103"
2025-12-21 15:34:55,562{GMT}	INFO	[jepsen worker 0] jepsen.util: 0	:ok	:echo	{:echo "Please echo 103", :in_reply_to 10, :msg_id 10, :type "echo_ok"}
2025-12-21 15:34:55,778{GMT}	INFO	[jepsen worker 0] jepsen.util: 0	:invoke	:echo	"Please echo 72"
2025-12-21 15:34:55,780{GMT}	INFO	[jepsen worker 0] jepsen.util: 0	:ok	:echo	{:echo "Please echo 72", :in_reply_to 11, :msg_id 11, :type "echo_ok"}
2025-12-21 15:34:56,120{GMT}	INFO	[jepsen worker 0] jepsen.util: 0	:invoke	:echo	"Please echo 69"
2025-12-21 15:34:56,122{GMT}	INFO	[jepsen worker 0] jepsen.util: 0	:ok	:echo	{:echo "Please echo 69", :in_reply_to 12, :msg_id 12, :type "echo_ok"}
2025-12-21 15:34:56,274{GMT}	INFO	[jepsen worker 0] jepsen.util: 0	:invoke	:echo	"Please echo 92"
2025-12-21 15:34:56,276{GMT}	INFO	[jepsen worker 0] jepsen.util: 0	:ok	:echo	{:echo "Please echo 92", :in_reply_to 13, :msg_id 13, :type "echo_ok"}
2025-12-21 15:34:56,356{GMT}	INFO	[jepsen worker 0] jepsen.util: 0	:invoke	:echo	"Please echo 122"
2025-12-21 15:34:56,358{GMT}	INFO	[jepsen worker 0] jepsen.util: 0	:ok	:echo	{:echo "Please echo 122", :in_reply_to 14, :msg_id 14, :type "echo_ok"}
2025-12-21 15:34:56,362{GMT}	INFO	[jepsen worker 0] jepsen.util: 0	:invoke	:echo	"Please echo 83"
2025-12-21 15:34:56,363{GMT}	INFO	[jepsen worker 0] jepsen.util: 0	:ok	:echo	{:echo "Please echo 83", :in_reply_to 15, :msg_id 15, :type "echo_ok"}
2025-12-21 15:34:56,615{GMT}	INFO	[jepsen worker 0] jepsen.util: 0	:invoke	:echo	"Please echo 115"
2025-12-21 15:34:56,618{GMT}	INFO	[jepsen worker 0] jepsen.util: 0	:ok	:echo	{:echo "Please echo 115", :in_reply_to 16, :msg_id 16, :type "echo_ok"}
2025-12-21 15:34:56,944{GMT}	INFO	[jepsen worker 0] jepsen.util: 0	:invoke	:echo	"Please echo 68"
2025-12-21 15:34:56,946{GMT}	INFO	[jepsen worker 0] jepsen.util: 0	:ok	:echo	{:echo "Please echo 68", :in_reply_to 17, :msg_id 17, :type "echo_ok"}
2025-12-21 15:34:57,137{GMT}	INFO	[jepsen worker 0] jepsen.util: 0	:invoke	:echo	"Please echo 7"
2025-12-21 15:34:57,138{GMT}	INFO	[jepsen worker 0] jepsen.util: 0	:ok	:echo	{:echo "Please echo 7", :in_reply_to 18, :msg_id 18, :type "echo_ok"}
2025-12-21 15:34:57,152{GMT}	INFO	[jepsen worker 0] jepsen.util: 0	:invoke	:echo	"Please echo 79"
2025-12-21 15:34:57,154{GMT}	INFO	[jepsen worker 0] jepsen.util: 0	:ok	:echo	{:echo "Please echo 79", :in_reply_to 19, :msg_id 19, :type "echo_ok"}
2025-12-21 15:34:57,533{GMT}	INFO	[jepsen worker 0] jepsen.util: 0	:invoke	:echo	"Please echo 13"
2025-12-21 15:34:57,535{GMT}	INFO	[jepsen worker 0] jepsen.util: 0	:ok	:echo	{:echo "Please echo 13", :in_reply_to 20, :msg_id 20, :type "echo_ok"}
2025-12-21 15:34:57,565{GMT}	INFO	[jepsen worker 0] jepsen.util: 0	:invoke	:echo	"Please echo 110"
2025-12-21 15:34:57,566{GMT}	INFO	[jepsen worker 0] jepsen.util: 0	:ok	:echo	{:echo "Please echo 110", :in_reply_to 21, :msg_id 21, :type "echo_ok"}
2025-12-21 15:34:57,854{GMT}	INFO	[jepsen worker 0] jepsen.util: 0	:invoke	:echo	"Please echo 71"
2025-12-21 15:34:57,856{GMT}	INFO	[jepsen worker 0] jepsen.util: 0	:ok	:echo	{:echo "Please echo 71", :in_reply_to 22, :msg_id 22, :type "echo_ok"}
2025-12-21 15:34:58,161{GMT}	INFO	[jepsen worker 0] jepsen.util: 0	:invoke	:echo	"Please echo 107"
2025-12-21 15:34:58,163{GMT}	INFO	[jepsen worker 0] jepsen.util: 0	:ok	:echo	{:echo "Please echo 107", :in_reply_to 23, :msg_id 23, :type "echo_ok"}
2025-12-21 15:34:58,433{GMT}	INFO	[jepsen worker 0] jepsen.util: 0	:invoke	:echo	"Please echo 118"
2025-12-21 15:34:58,435{GMT}	INFO	[jepsen worker 0] jepsen.util: 0	:ok	:echo	{:echo "Please echo 118", :in_reply_to 24, :msg_id 24, :type "echo_ok"}
2025-12-21 15:34:58,620{GMT}	INFO	[jepsen worker 0] jepsen.util: 0	:invoke	:echo	"Please echo 121"
2025-12-21 15:34:58,622{GMT}	INFO	[jepsen worker 0] jepsen.util: 0	:ok	:echo	{:echo "Please echo 121", :in_reply_to 25, :msg_id 25, :type "echo_ok"}
2025-12-21 15:34:58,737{GMT}	INFO	[jepsen worker 0] jepsen.util: 0	:invoke	:echo	"Please echo 3"
2025-12-21 15:34:58,739{GMT}	INFO	[jepsen worker 0] jepsen.util: 0	:ok	:echo	{:echo "Please echo 3", :in_reply_to 26, :msg_id 26, :type "echo_ok"}
2025-12-21 15:34:59,005{GMT}	INFO	[jepsen worker 0] jepsen.util: 0	:invoke	:echo	"Please echo 47"
2025-12-21 15:34:59,006{GMT}	INFO	[jepsen worker 0] jepsen.util: 0	:ok	:echo	{:echo "Please echo 47", :in_reply_to 27, :msg_id 27, :type "echo_ok"}
2025-12-21 15:34:59,060{GMT}	INFO	[jepsen worker 0] jepsen.util: 0	:invoke	:echo	"Please echo 107"
2025-12-21 15:34:59,062{GMT}	INFO	[jepsen worker 0] jepsen.util: 0	:ok	:echo	{:echo "Please echo 107", :in_reply_to 28, :msg_id 28, :type "echo_ok"}
2025-12-21 15:34:59,221{GMT}	INFO	[jepsen worker 0] jepsen.util: 0	:invoke	:echo	"Please echo 1"
2025-12-21 15:34:59,223{GMT}	INFO	[jepsen worker 0] jepsen.util: 0	:ok	:echo	{:echo "Please echo 1", :in_reply_to 29, :msg_id 29, :type "echo_ok"}
2025-12-21 15:34:59,433{GMT}	INFO	[jepsen worker 0] jepsen.util: 0	:invoke	:echo	"Please echo 77"
2025-12-21 15:34:59,435{GMT}	INFO	[jepsen worker 0] jepsen.util: 0	:ok	:echo	{:echo "Please echo 77", :in_reply_to 30, :msg_id 30, :type "echo_ok"}
2025-12-21 15:34:59,453{GMT}	INFO	[jepsen worker 0] jepsen.util: 0	:invoke	:echo	"Please echo 10"
2025-12-21 15:34:59,455{GMT}	INFO	[jepsen worker 0] jepsen.util: 0	:ok	:echo	{:echo "Please echo 10", :in_reply_to 31, :msg_id 31, :type "echo_ok"}
2025-12-21 15:34:59,787{GMT}	INFO	[jepsen worker 0] jepsen.util: 0	:invoke	:echo	"Please echo 89"
2025-12-21 15:34:59,788{GMT}	INFO	[jepsen worker 0] jepsen.util: 0	:ok	:echo	{:echo "Please echo 89", :in_reply_to 32, :msg_id 32, :type "echo_ok"}
2025-12-21 15:35:00,004{GMT}	INFO	[jepsen worker 0] jepsen.util: 0	:invoke	:echo	"Please echo 0"
2025-12-21 15:35:00,006{GMT}	INFO	[jepsen worker 0] jepsen.util: 0	:ok	:echo	{:echo "Please echo 0", :in_reply_to 33, :msg_id 33, :type "echo_ok"}
2025-12-21 15:35:00,091{GMT}	INFO	[jepsen worker 0] jepsen.util: 0	:invoke	:echo	"Please echo 42"
2025-12-21 15:35:00,093{GMT}	INFO	[jepsen worker 0] jepsen.util: 0	:ok	:echo	{:echo "Please echo 42", :in_reply_to 34, :msg_id 34, :type "echo_ok"}
2025-12-21 15:35:00,480{GMT}	INFO	[jepsen worker 0] jepsen.util: 0	:invoke	:echo	"Please echo 7"
2025-12-21 15:35:00,482{GMT}	INFO	[jepsen worker 0] jepsen.util: 0	:ok	:echo	{:echo "Please echo 7", :in_reply_to 35, :msg_id 35, :type "echo_ok"}
2025-12-21 15:35:00,845{GMT}	INFO	[jepsen worker 0] jepsen.util: 0	:invoke	:echo	"Please echo 3"
2025-12-21 15:35:00,847{GMT}	INFO	[jepsen worker 0] jepsen.util: 0	:ok	:echo	{:echo "Please echo 3", :in_reply_to 36, :msg_id 36, :type "echo_ok"}
2025-12-21 15:35:01,088{GMT}	INFO	[jepsen worker 0] jepsen.util: 0	:invoke	:echo	"Please echo 9"
2025-12-21 15:35:01,090{GMT}	INFO	[jepsen worker 0] jepsen.util: 0	:ok	:echo	{:echo "Please echo 9", :in_reply_to 37, :msg_id 37, :type "echo_ok"}
2025-12-21 15:35:01,424{GMT}	INFO	[jepsen worker 0] jepsen.util: 0	:invoke	:echo	"Please echo 75"
2025-12-21 15:35:01,425{GMT}	INFO	[jepsen worker 0] jepsen.util: 0	:ok	:echo	{:echo "Please echo 75", :in_reply_to 38, :msg_id 38, :type "echo_ok"}
2025-12-21 15:35:01,479{GMT}	INFO	[jepsen worker 0] jepsen.util: 0	:invoke	:echo	"Please echo 93"
2025-12-21 15:35:01,481{GMT}	INFO	[jepsen worker 0] jepsen.util: 0	:ok	:echo	{:echo "Please echo 93", :in_reply_to 39, :msg_id 39, :type "echo_ok"}
2025-12-21 15:35:01,707{GMT}	INFO	[jepsen worker 0] jepsen.util: 0	:invoke	:echo	"Please echo 57"
2025-12-21 15:35:01,708{GMT}	INFO	[jepsen worker 0] jepsen.util: 0	:ok	:echo	{:echo "Please echo 57", :in_reply_to 40, :msg_id 40, :type "echo_ok"}
2025-12-21 15:35:01,933{GMT}	INFO	[jepsen worker 0] jepsen.util: 0	:invoke	:echo	"Please echo 11"
2025-12-21 15:35:01,934{GMT}	INFO	[jepsen worker 0] jepsen.util: 0	:ok	:echo	{:echo "Please echo 11", :in_reply_to 41, :msg_id 41, :type "echo_ok"}
2025-12-21 15:35:02,326{GMT}	INFO	[jepsen worker 0] jepsen.util: 0	:invoke	:echo	"Please echo 7"
2025-12-21 15:35:02,328{GMT}	INFO	[jepsen worker 0] jepsen.util: 0	:ok	:echo	{:echo "Please echo 7", :in_reply_to 42, :msg_id 42, :type "echo_ok"}
2025-12-21 15:35:02,593{GMT}	INFO	[jepsen worker 0] jepsen.util: 0	:invoke	:echo	"Please echo 0"
2025-12-21 15:35:02,595{GMT}	INFO	[jepsen worker 0] jepsen.util: 0	:ok	:echo	{:echo "Please echo 0", :in_reply_to 43, :msg_id 43, :type "echo_ok"}
2025-12-21 15:35:02,926{GMT}	INFO	[jepsen worker 0] jepsen.util: 0	:invoke	:echo	"Please echo 72"
2025-12-21 15:35:02,928{GMT}	INFO	[jepsen worker 0] jepsen.util: 0	:ok	:echo	{:echo "Please echo 72", :in_reply_to 44, :msg_id 44, :type "echo_ok"}
2025-12-21 15:35:03,039{GMT}	INFO	[jepsen worker 0] jepsen.util: 0	:invoke	:echo	"Please echo 113"
2025-12-21 15:35:03,041{GMT}	INFO	[jepsen worker 0] jepsen.util: 0	:ok	:echo	{:echo "Please echo 113", :in_reply_to 45, :msg_id 45, :type "echo_ok"}
2025-12-21 15:35:03,221{GMT}	INFO	[jepsen worker 0] jepsen.util: 0	:invoke	:echo	"Please echo 100"
2025-12-21 15:35:03,223{GMT}	INFO	[jepsen worker 0] jepsen.util: 0	:ok	:echo	{:echo "Please echo 100", :in_reply_to 46, :msg_id 46, :type "echo_ok"}
2025-12-21 15:35:03,245{GMT}	INFO	[jepsen test runner] jepsen.core: Run complete, writing
2025-12-21 15:35:03,276{GMT}	INFO	[jepsen node n0] maelstrom.db: Tearing down n0
2025-12-21 15:35:04,464{GMT}	INFO	[jepsen node n0] maelstrom.net: Shutting down Maelstrom network
2025-12-21 15:35:04,464{GMT}	INFO	[jepsen test runner] jepsen.core: Analyzing...
2025-12-21 15:35:04,708{GMT}	INFO	[jepsen test runner] jepsen.core: Analysis complete
2025-12-21 15:35:04,718{GMT}	INFO	[jepsen results] jepsen.store: Wrote /root/projects/fly-io-dist-sys/maelstrom/store/echo/20251221T153451.630-0800/results.edn
2025-12-21 15:35:04,737{GMT}	INFO	[jepsen test runner] jepsen.core: {:perf {:latency-graph {:valid? true},
        :rate-graph {:valid? true},
        :valid? true},
 :timeline {:valid? true},
 :exceptions {:valid? true},
 :stats {:valid? true,
         :count 46,
         :ok-count 46,
         :fail-count 0,
         :info-count 0,
         :by-f {:echo {:valid? true,
                       :count 46,
                       :ok-count 46,
                       :fail-count 0,
                       :info-count 0}}},
 :availability {:valid? true, :ok-fraction 1.0},
 :net {:all {:send-count 94,
             :recv-count 94,
             :msg-count 94,
             :msgs-per-op 2.0434783},
       :clients {:send-count 94, :recv-count 94, :msg-count 94},
       :servers {:send-count 0,
                 :recv-count 0,
                 :msg-count 0,
                 :msgs-per-op 0.0},
       :valid? true},
 :workload {:valid? true, :errors ()},
 :valid? true}


Everything looks good! ヽ(‘ー`)ノ
